<?xml version="1.0" encoding="UTF-8"?>
<testsuite xmlns:xsi="http://www.w3.org/2001/XMLSchema-instance" xsi:noNamespaceSchemaLocation="https://maven.apache.org/surefire/maven-surefire-plugin/xsd/surefire-test-report.xsd" name="com.example.demo.FinalApplicationTests" time="20.557" tests="1" errors="0" skipped="0" failures="0">
  <properties>
    <property name="java.specification.version" value="17"/>
    <property name="sun.jnu.encoding" value="UTF-8"/>
    <property name="java.class.path" value="/Users/b/Downloads/BACKEND/target/test-classes:/Users/b/Downloads/BACKEND/target/classes:/Users/b/.m2/repository/org/springframework/boot/spring-boot-starter-data-jpa/2.7.17/spring-boot-starter-data-jpa-2.7.17.jar:/Users/b/.m2/repository/org/springframework/boot/spring-boot-starter-aop/2.7.17/spring-boot-starter-aop-2.7.17.jar:/Users/b/.m2/repository/org/aspectj/aspectjweaver/1.9.7/aspectjweaver-1.9.7.jar:/Users/b/.m2/repository/org/springframework/boot/spring-boot-starter-jdbc/2.7.17/spring-boot-starter-jdbc-2.7.17.jar:/Users/b/.m2/repository/com/zaxxer/HikariCP/4.0.3/HikariCP-4.0.3.jar:/Users/b/.m2/repository/org/springframework/spring-jdbc/5.3.30/spring-jdbc-5.3.30.jar:/Users/b/.m2/repository/jakarta/transaction/jakarta.transaction-api/1.3.3/jakarta.transaction-api-1.3.3.jar:/Users/b/.m2/repository/jakarta/persistence/jakarta.persistence-api/2.2.3/jakarta.persistence-api-2.2.3.jar:/Users/b/.m2/repository/org/hibernate/hibernate-core/5.6.15.Final/hibernate-core-5.6.15.Final.jar:/Users/b/.m2/repository/org/jboss/logging/jboss-logging/3.4.3.Final/jboss-logging-3.4.3.Final.jar:/Users/b/.m2/repository/net/bytebuddy/byte-buddy/1.12.23/byte-buddy-1.12.23.jar:/Users/b/.m2/repository/antlr/antlr/2.7.7/antlr-2.7.7.jar:/Users/b/.m2/repository/org/jboss/jandex/2.4.2.Final/jandex-2.4.2.Final.jar:/Users/b/.m2/repository/com/fasterxml/classmate/1.5.1/classmate-1.5.1.jar:/Users/b/.m2/repository/org/hibernate/common/hibernate-commons-annotations/5.1.2.Final/hibernate-commons-annotations-5.1.2.Final.jar:/Users/b/.m2/repository/org/springframework/data/spring-data-jpa/2.7.17/spring-data-jpa-2.7.17.jar:/Users/b/.m2/repository/org/springframework/data/spring-data-commons/2.7.17/spring-data-commons-2.7.17.jar:/Users/b/.m2/repository/org/springframework/spring-orm/5.3.30/spring-orm-5.3.30.jar:/Users/b/.m2/repository/org/springframework/spring-context/5.3.30/spring-context-5.3.30.jar:/Users/b/.m2/repository/org/springframework/spring-tx/5.3.30/spring-tx-5.3.30.jar:/Users/b/.m2/repository/org/springframework/spring-beans/5.3.30/spring-beans-5.3.30.jar:/Users/b/.m2/repository/org/springframework/spring-aspects/5.3.30/spring-aspects-5.3.30.jar:/Users/b/.m2/repository/org/springframework/boot/spring-boot-starter-data-rest/2.7.17/spring-boot-starter-data-rest-2.7.17.jar:/Users/b/.m2/repository/org/springframework/data/spring-data-rest-webmvc/3.7.17/spring-data-rest-webmvc-3.7.17.jar:/Users/b/.m2/repository/org/springframework/data/spring-data-rest-core/3.7.17/spring-data-rest-core-3.7.17.jar:/Users/b/.m2/repository/org/springframework/hateoas/spring-hateoas/1.5.5/spring-hateoas-1.5.5.jar:/Users/b/.m2/repository/org/springframework/plugin/spring-plugin-core/2.0.0.RELEASE/spring-plugin-core-2.0.0.RELEASE.jar:/Users/b/.m2/repository/org/atteo/evo-inflector/1.3/evo-inflector-1.3.jar:/Users/b/.m2/repository/com/fasterxml/jackson/core/jackson-annotations/2.13.5/jackson-annotations-2.13.5.jar:/Users/b/.m2/repository/org/springframework/boot/spring-boot-starter-oauth2-client/2.7.17/spring-boot-starter-oauth2-client-2.7.17.jar:/Users/b/.m2/repository/org/springframework/boot/spring-boot-starter/2.7.17/spring-boot-starter-2.7.17.jar:/Users/b/.m2/repository/org/springframework/boot/spring-boot-starter-logging/2.7.17/spring-boot-starter-logging-2.7.17.jar:/Users/b/.m2/repository/ch/qos/logback/logback-classic/1.2.12/logback-classic-1.2.12.jar:/Users/b/.m2/repository/ch/qos/logback/logback-core/1.2.12/logback-core-1.2.12.jar:/Users/b/.m2/repository/org/apache/logging/log4j/log4j-to-slf4j/2.17.2/log4j-to-slf4j-2.17.2.jar:/Users/b/.m2/repository/org/apache/logging/log4j/log4j-api/2.17.2/log4j-api-2.17.2.jar:/Users/b/.m2/repository/org/slf4j/jul-to-slf4j/1.7.36/jul-to-slf4j-1.7.36.jar:/Users/b/.m2/repository/jakarta/annotation/jakarta.annotation-api/1.3.5/jakarta.annotation-api-1.3.5.jar:/Users/b/.m2/repository/org/yaml/snakeyaml/1.30/snakeyaml-1.30.jar:/Users/b/.m2/repository/org/springframework/security/spring-security-config/5.7.11/spring-security-config-5.7.11.jar:/Users/b/.m2/repository/org/springframework/security/spring-security-core/5.7.11/spring-security-core-5.7.11.jar:/Users/b/.m2/repository/org/springframework/security/spring-security-crypto/5.7.11/spring-security-crypto-5.7.11.jar:/Users/b/.m2/repository/org/springframework/spring-expression/5.3.30/spring-expression-5.3.30.jar:/Users/b/.m2/repository/org/springframework/security/spring-security-oauth2-client/5.7.11/spring-security-oauth2-client-5.7.11.jar:/Users/b/.m2/repository/org/springframework/security/spring-security-oauth2-core/5.7.11/spring-security-oauth2-core-5.7.11.jar:/Users/b/.m2/repository/com/nimbusds/oauth2-oidc-sdk/9.35/oauth2-oidc-sdk-9.35.jar:/Users/b/.m2/repository/com/github/stephenc/jcip/jcip-annotations/1.0-1/jcip-annotations-1.0-1.jar:/Users/b/.m2/repository/com/nimbusds/content-type/2.2/content-type-2.2.jar:/Users/b/.m2/repository/com/nimbusds/lang-tag/1.6/lang-tag-1.6.jar:/Users/b/.m2/repository/org/springframework/security/spring-security-oauth2-jose/5.7.11/spring-security-oauth2-jose-5.7.11.jar:/Users/b/.m2/repository/com/nimbusds/nimbus-jose-jwt/9.22/nimbus-jose-jwt-9.22.jar:/Users/b/.m2/repository/org/springframework/boot/spring-boot-starter-oauth2-resource-server/2.7.17/spring-boot-starter-oauth2-resource-server-2.7.17.jar:/Users/b/.m2/repository/org/springframework/security/spring-security-oauth2-resource-server/5.7.11/spring-security-oauth2-resource-server-5.7.11.jar:/Users/b/.m2/repository/org/springframework/boot/spring-boot-starter-security/2.7.17/spring-boot-starter-security-2.7.17.jar:/Users/b/.m2/repository/org/springframework/spring-aop/5.3.30/spring-aop-5.3.30.jar:/Users/b/.m2/repository/org/springframework/security/spring-security-web/5.7.11/spring-security-web-5.7.11.jar:/Users/b/.m2/repository/org/springframework/boot/spring-boot-starter-web/2.7.17/spring-boot-starter-web-2.7.17.jar:/Users/b/.m2/repository/org/springframework/boot/spring-boot-starter-json/2.7.17/spring-boot-starter-json-2.7.17.jar:/Users/b/.m2/repository/com/fasterxml/jackson/datatype/jackson-datatype-jdk8/2.13.5/jackson-datatype-jdk8-2.13.5.jar:/Users/b/.m2/repository/com/fasterxml/jackson/datatype/jackson-datatype-jsr310/2.13.5/jackson-datatype-jsr310-2.13.5.jar:/Users/b/.m2/repository/com/fasterxml/jackson/module/jackson-module-parameter-names/2.13.5/jackson-module-parameter-names-2.13.5.jar:/Users/b/.m2/repository/org/springframework/boot/spring-boot-starter-tomcat/2.7.17/spring-boot-starter-tomcat-2.7.17.jar:/Users/b/.m2/repository/org/apache/tomcat/embed/tomcat-embed-core/9.0.82/tomcat-embed-core-9.0.82.jar:/Users/b/.m2/repository/org/apache/tomcat/embed/tomcat-embed-el/9.0.82/tomcat-embed-el-9.0.82.jar:/Users/b/.m2/repository/org/apache/tomcat/embed/tomcat-embed-websocket/9.0.82/tomcat-embed-websocket-9.0.82.jar:/Users/b/.m2/repository/org/springframework/spring-web/5.3.30/spring-web-5.3.30.jar:/Users/b/.m2/repository/org/springframework/spring-webmvc/5.3.30/spring-webmvc-5.3.30.jar:/Users/b/.m2/repository/org/springframework/cloud/spring-cloud-starter-netflix-eureka-client/3.1.7/spring-cloud-starter-netflix-eureka-client-3.1.7.jar:/Users/b/.m2/repository/org/springframework/cloud/spring-cloud-starter/3.1.7/spring-cloud-starter-3.1.7.jar:/Users/b/.m2/repository/org/springframework/cloud/spring-cloud-context/3.1.7/spring-cloud-context-3.1.7.jar:/Users/b/.m2/repository/org/springframework/cloud/spring-cloud-commons/3.1.7/spring-cloud-commons-3.1.7.jar:/Users/b/.m2/repository/org/springframework/security/spring-security-rsa/1.0.11.RELEASE/spring-security-rsa-1.0.11.RELEASE.jar:/Users/b/.m2/repository/org/bouncycastle/bcpkix-jdk15on/1.69/bcpkix-jdk15on-1.69.jar:/Users/b/.m2/repository/org/bouncycastle/bcprov-jdk15on/1.69/bcprov-jdk15on-1.69.jar:/Users/b/.m2/repository/org/bouncycastle/bcutil-jdk15on/1.69/bcutil-jdk15on-1.69.jar:/Users/b/.m2/repository/org/springframework/cloud/spring-cloud-netflix-eureka-client/3.1.7/spring-cloud-netflix-eureka-client-3.1.7.jar:/Users/b/.m2/repository/com/netflix/eureka/eureka-client/1.10.17/eureka-client-1.10.17.jar:/Users/b/.m2/repository/com/netflix/netflix-commons/netflix-eventbus/0.3.0/netflix-eventbus-0.3.0.jar:/Users/b/.m2/repository/com/netflix/netflix-commons/netflix-infix/0.3.0/netflix-infix-0.3.0.jar:/Users/b/.m2/repository/commons-jxpath/commons-jxpath/1.3/commons-jxpath-1.3.jar:/Users/b/.m2/repository/joda-time/joda-time/2.3/joda-time-2.3.jar:/Users/b/.m2/repository/org/antlr/antlr-runtime/3.4/antlr-runtime-3.4.jar:/Users/b/.m2/repository/org/antlr/stringtemplate/3.2.1/stringtemplate-3.2.1.jar:/Users/b/.m2/repository/com/google/code/gson/gson/2.9.1/gson-2.9.1.jar:/Users/b/.m2/repository/org/apache/commons/commons-math/2.2/commons-math-2.2.jar:/Users/b/.m2/repository/com/thoughtworks/xstream/xstream/1.4.18/xstream-1.4.18.jar:/Users/b/.m2/repository/io/github/x-stream/mxparser/1.2.2/mxparser-1.2.2.jar:/Users/b/.m2/repository/xmlpull/xmlpull/1.1.3.1/xmlpull-1.1.3.1.jar:/Users/b/.m2/repository/javax/ws/rs/jsr311-api/1.1.1/jsr311-api-1.1.1.jar:/Users/b/.m2/repository/com/netflix/servo/servo-core/0.12.21/servo-core-0.12.21.jar:/Users/b/.m2/repository/com/google/guava/guava/19.0/guava-19.0.jar:/Users/b/.m2/repository/org/apache/httpcomponents/httpclient/4.5.14/httpclient-4.5.14.jar:/Users/b/.m2/repository/org/apache/httpcomponents/httpcore/4.4.16/httpcore-4.4.16.jar:/Users/b/.m2/repository/commons-codec/commons-codec/1.15/commons-codec-1.15.jar:/Users/b/.m2/repository/commons-configuration/commons-configuration/1.10/commons-configuration-1.10.jar:/Users/b/.m2/repository/commons-lang/commons-lang/2.6/commons-lang-2.6.jar:/Users/b/.m2/repository/com/google/inject/guice/4.1.0/guice-4.1.0.jar:/Users/b/.m2/repository/org/codehaus/jettison/jettison/1.4.0/jettison-1.4.0.jar:/Users/b/.m2/repository/com/netflix/eureka/eureka-core/1.10.17/eureka-core-1.10.17.jar:/Users/b/.m2/repository/com/fasterxml/woodstox/woodstox-core/6.2.1/woodstox-core-6.2.1.jar:/Users/b/.m2/repository/org/codehaus/woodstox/stax2-api/4.2.1/stax2-api-4.2.1.jar:/Users/b/.m2/repository/org/springframework/cloud/spring-cloud-starter-loadbalancer/3.1.7/spring-cloud-starter-loadbalancer-3.1.7.jar:/Users/b/.m2/repository/org/springframework/cloud/spring-cloud-loadbalancer/3.1.7/spring-cloud-loadbalancer-3.1.7.jar:/Users/b/.m2/repository/io/projectreactor/reactor-core/3.4.33/reactor-core-3.4.33.jar:/Users/b/.m2/repository/org/reactivestreams/reactive-streams/1.0.4/reactive-streams-1.0.4.jar:/Users/b/.m2/repository/io/projectreactor/addons/reactor-extra/3.4.10/reactor-extra-3.4.10.jar:/Users/b/.m2/repository/org/springframework/boot/spring-boot-starter-cache/2.7.17/spring-boot-starter-cache-2.7.17.jar:/Users/b/.m2/repository/org/springframework/spring-context-support/5.3.30/spring-context-support-5.3.30.jar:/Users/b/.m2/repository/com/stoyanr/evictor/1.0.0/evictor-1.0.0.jar:/Users/b/.m2/repository/com/h2database/h2/2.1.214/h2-2.1.214.jar:/Users/b/.m2/repository/com/mysql/mysql-connector-j/8.0.33/mysql-connector-j-8.0.33.jar:/Users/b/.m2/repository/com/googlecode/json-simple/json-simple/1.1.1/json-simple-1.1.1.jar:/Users/b/.m2/repository/junit/junit/4.13.2/junit-4.13.2.jar:/Users/b/.m2/repository/org/hamcrest/hamcrest-core/2.2/hamcrest-core-2.2.jar:/Users/b/.m2/repository/org/projectlombok/lombok/1.18.30/lombok-1.18.30.jar:/Users/b/.m2/repository/org/springframework/boot/spring-boot-starter-test/2.7.17/spring-boot-starter-test-2.7.17.jar:/Users/b/.m2/repository/org/springframework/boot/spring-boot-test/2.7.17/spring-boot-test-2.7.17.jar:/Users/b/.m2/repository/org/springframework/boot/spring-boot-test-autoconfigure/2.7.17/spring-boot-test-autoconfigure-2.7.17.jar:/Users/b/.m2/repository/com/jayway/jsonpath/json-path/2.7.0/json-path-2.7.0.jar:/Users/b/.m2/repository/net/minidev/json-smart/2.4.11/json-smart-2.4.11.jar:/Users/b/.m2/repository/net/minidev/accessors-smart/2.4.11/accessors-smart-2.4.11.jar:/Users/b/.m2/repository/org/ow2/asm/asm/9.3/asm-9.3.jar:/Users/b/.m2/repository/jakarta/xml/bind/jakarta.xml.bind-api/2.3.3/jakarta.xml.bind-api-2.3.3.jar:/Users/b/.m2/repository/jakarta/activation/jakarta.activation-api/1.2.2/jakarta.activation-api-1.2.2.jar:/Users/b/.m2/repository/org/assertj/assertj-core/3.22.0/assertj-core-3.22.0.jar:/Users/b/.m2/repository/org/hamcrest/hamcrest/2.2/hamcrest-2.2.jar:/Users/b/.m2/repository/org/junit/jupiter/junit-jupiter/5.8.2/junit-jupiter-5.8.2.jar:/Users/b/.m2/repository/org/junit/jupiter/junit-jupiter-api/5.8.2/junit-jupiter-api-5.8.2.jar:/Users/b/.m2/repository/org/opentest4j/opentest4j/1.2.0/opentest4j-1.2.0.jar:/Users/b/.m2/repository/org/junit/platform/junit-platform-commons/1.8.2/junit-platform-commons-1.8.2.jar:/Users/b/.m2/repository/org/apiguardian/apiguardian-api/1.1.2/apiguardian-api-1.1.2.jar:/Users/b/.m2/repository/org/junit/jupiter/junit-jupiter-params/5.8.2/junit-jupiter-params-5.8.2.jar:/Users/b/.m2/repository/org/junit/jupiter/junit-jupiter-engine/5.8.2/junit-jupiter-engine-5.8.2.jar:/Users/b/.m2/repository/org/junit/platform/junit-platform-engine/1.8.2/junit-platform-engine-1.8.2.jar:/Users/b/.m2/repository/org/mockito/mockito-core/4.5.1/mockito-core-4.5.1.jar:/Users/b/.m2/repository/net/bytebuddy/byte-buddy-agent/1.12.23/byte-buddy-agent-1.12.23.jar:/Users/b/.m2/repository/org/objenesis/objenesis/3.2/objenesis-3.2.jar:/Users/b/.m2/repository/org/mockito/mockito-junit-jupiter/4.5.1/mockito-junit-jupiter-4.5.1.jar:/Users/b/.m2/repository/org/skyscreamer/jsonassert/1.5.1/jsonassert-1.5.1.jar:/Users/b/.m2/repository/com/vaadin/external/google/android-json/0.0.20131108.vaadin1/android-json-0.0.20131108.vaadin1.jar:/Users/b/.m2/repository/org/springframework/spring-core/5.3.30/spring-core-5.3.30.jar:/Users/b/.m2/repository/org/springframework/spring-jcl/5.3.30/spring-jcl-5.3.30.jar:/Users/b/.m2/repository/org/springframework/spring-test/5.3.30/spring-test-5.3.30.jar:/Users/b/.m2/repository/org/xmlunit/xmlunit-core/2.9.1/xmlunit-core-2.9.1.jar:/Users/b/.m2/repository/org/springframework/restdocs/spring-restdocs-mockmvc/2.0.7.RELEASE/spring-restdocs-mockmvc-2.0.7.RELEASE.jar:/Users/b/.m2/repository/org/springframework/restdocs/spring-restdocs-core/2.0.7.RELEASE/spring-restdocs-core-2.0.7.RELEASE.jar:/Users/b/.m2/repository/javax/servlet/javax.servlet-api/4.0.1/javax.servlet-api-4.0.1.jar:/Users/b/.m2/repository/org/springframework/security/spring-security-test/5.7.11/spring-security-test-5.7.11.jar:/Users/b/.m2/repository/com/querydsl/querydsl-jpa/5.0.0/querydsl-jpa-5.0.0.jar:/Users/b/.m2/repository/com/querydsl/querydsl-core/5.0.0/querydsl-core-5.0.0.jar:/Users/b/.m2/repository/com/mysema/commons/mysema-commons-lang/0.2.4/mysema-commons-lang-0.2.4.jar:/Users/b/.m2/repository/com/querydsl/querydsl-apt/5.0.0/querydsl-apt-5.0.0.jar:/Users/b/.m2/repository/com/querydsl/querydsl-codegen/5.0.0/querydsl-codegen-5.0.0.jar:/Users/b/.m2/repository/com/querydsl/codegen-utils/5.0.0/codegen-utils-5.0.0.jar:/Users/b/.m2/repository/org/eclipse/jdt/ecj/3.26.0/ecj-3.26.0.jar:/Users/b/.m2/repository/javax/inject/javax.inject/1/javax.inject-1.jar:/Users/b/.m2/repository/org/springframework/cloud/spring-cloud-starter-netflix-eureka-server/3.1.7/spring-cloud-starter-netflix-eureka-server-3.1.7.jar:/Users/b/.m2/repository/org/springframework/cloud/spring-cloud-netflix-eureka-server/3.1.7/spring-cloud-netflix-eureka-server-3.1.7.jar:/Users/b/.m2/repository/org/springframework/boot/spring-boot-starter-actuator/2.7.17/spring-boot-starter-actuator-2.7.17.jar:/Users/b/.m2/repository/org/springframework/boot/spring-boot-actuator-autoconfigure/2.7.17/spring-boot-actuator-autoconfigure-2.7.17.jar:/Users/b/.m2/repository/org/springframework/boot/spring-boot-actuator/2.7.17/spring-boot-actuator-2.7.17.jar:/Users/b/.m2/repository/io/micrometer/micrometer-core/1.9.16/micrometer-core-1.9.16.jar:/Users/b/.m2/repository/org/hdrhistogram/HdrHistogram/2.1.12/HdrHistogram-2.1.12.jar:/Users/b/.m2/repository/org/latencyutils/LatencyUtils/2.0.3/LatencyUtils-2.0.3.jar:/Users/b/.m2/repository/org/springframework/boot/spring-boot-starter-freemarker/2.7.17/spring-boot-starter-freemarker-2.7.17.jar:/Users/b/.m2/repository/org/freemarker/freemarker/2.3.32/freemarker-2.3.32.jar:/Users/b/.m2/repository/com/sun/jersey/jersey-servlet/1.19.4/jersey-servlet-1.19.4.jar:/Users/b/.m2/repository/com/sun/jersey/jersey-server/1.19.4/jersey-server-1.19.4.jar:/Users/b/.m2/repository/com/sun/jersey/jersey-core/1.19.4/jersey-core-1.19.4.jar:/Users/b/.m2/repository/com/sun/jersey/jersey-client/1.19.4/jersey-client-1.19.4.jar:/Users/b/.m2/repository/com/fasterxml/jackson/dataformat/jackson-dataformat-xml/2.13.5/jackson-dataformat-xml-2.13.5.jar:/Users/b/.m2/repository/org/glassfish/jaxb/jaxb-runtime/2.3.8/jaxb-runtime-2.3.8.jar:/Users/b/.m2/repository/org/glassfish/jaxb/txw2/2.3.8/txw2-2.3.8.jar:/Users/b/.m2/repository/com/sun/istack/istack-commons-runtime/3.0.12/istack-commons-runtime-3.0.12.jar:/Users/b/.m2/repository/com/sun/activation/jakarta.activation/1.2.2/jakarta.activation-1.2.2.jar:/Users/b/.m2/repository/io/jsonwebtoken/jjwt-api/0.11.5/jjwt-api-0.11.5.jar:/Users/b/.m2/repository/org/springframework/boot/spring-boot-devtools/2.7.17/spring-boot-devtools-2.7.17.jar:/Users/b/.m2/repository/org/springframework/boot/spring-boot/2.7.17/spring-boot-2.7.17.jar:/Users/b/.m2/repository/org/springframework/boot/spring-boot-autoconfigure/2.7.17/spring-boot-autoconfigure-2.7.17.jar:/Users/b/.m2/repository/io/jsonwebtoken/jjwt-impl/0.11.5/jjwt-impl-0.11.5.jar:/Users/b/.m2/repository/io/jsonwebtoken/jjwt-jackson/0.11.5/jjwt-jackson-0.11.5.jar:/Users/b/.m2/repository/com/fasterxml/jackson/core/jackson-databind/2.13.5/jackson-databind-2.13.5.jar:/Users/b/.m2/repository/org/springframework/boot/spring-boot-starter-websocket/2.7.17/spring-boot-starter-websocket-2.7.17.jar:/Users/b/.m2/repository/org/springframework/spring-messaging/5.3.30/spring-messaging-5.3.30.jar:/Users/b/.m2/repository/org/springframework/spring-websocket/5.3.30/spring-websocket-5.3.30.jar:/Users/b/.m2/repository/org/webjars/sockjs-client/1.5.1/sockjs-client-1.5.1.jar:/Users/b/.m2/repository/org/webjars/stomp-websocket/2.3.4/stomp-websocket-2.3.4.jar:/Users/b/.m2/repository/org/webjars/webjars-locator-core/0.50/webjars-locator-core-0.50.jar:/Users/b/.m2/repository/org/slf4j/slf4j-api/1.7.36/slf4j-api-1.7.36.jar:/Users/b/.m2/repository/io/github/classgraph/classgraph/4.8.139/classgraph-4.8.139.jar:/Users/b/.m2/repository/com/fasterxml/jackson/core/jackson-core/2.13.5/jackson-core-2.13.5.jar:"/>
    <property name="java.vm.vendor" value="GraalVM Community"/>
    <property name="sun.arch.data.model" value="64"/>
    <property name="java.vendor.url" value="https://www.graalvm.org/"/>
    <property name="user.timezone" value="Asia/Seoul"/>
    <property name="os.name" value="Mac OS X"/>
    <property name="java.vm.specification.version" value="17"/>
    <property name="sun.java.launcher" value="SUN_STANDARD"/>
    <property name="user.country" value="KR"/>
    <property name="sun.boot.library.path" value="/Users/b/Library/Java/JavaVirtualMachines/graalvm-jdk-17.0.9/Contents/Home/lib"/>
    <property name="sun.java.command" value="/Users/b/Downloads/BACKEND/target/surefire/surefirebooter6424503749074798858.jar /Users/b/Downloads/BACKEND/target/surefire 2023-12-17T18-21-12_188-jvmRun1 surefire10315579481824824688tmp surefire_09905852690545478207tmp"/>
    <property name="http.nonProxyHosts" value="local|*.local|169.254/16|*.169.254/16"/>
    <property name="jdk.debug" value="release"/>
    <property name="surefire.test.class.path" value="/Users/b/Downloads/BACKEND/target/test-classes:/Users/b/Downloads/BACKEND/target/classes:/Users/b/.m2/repository/org/springframework/boot/spring-boot-starter-data-jpa/2.7.17/spring-boot-starter-data-jpa-2.7.17.jar:/Users/b/.m2/repository/org/springframework/boot/spring-boot-starter-aop/2.7.17/spring-boot-starter-aop-2.7.17.jar:/Users/b/.m2/repository/org/aspectj/aspectjweaver/1.9.7/aspectjweaver-1.9.7.jar:/Users/b/.m2/repository/org/springframework/boot/spring-boot-starter-jdbc/2.7.17/spring-boot-starter-jdbc-2.7.17.jar:/Users/b/.m2/repository/com/zaxxer/HikariCP/4.0.3/HikariCP-4.0.3.jar:/Users/b/.m2/repository/org/springframework/spring-jdbc/5.3.30/spring-jdbc-5.3.30.jar:/Users/b/.m2/repository/jakarta/transaction/jakarta.transaction-api/1.3.3/jakarta.transaction-api-1.3.3.jar:/Users/b/.m2/repository/jakarta/persistence/jakarta.persistence-api/2.2.3/jakarta.persistence-api-2.2.3.jar:/Users/b/.m2/repository/org/hibernate/hibernate-core/5.6.15.Final/hibernate-core-5.6.15.Final.jar:/Users/b/.m2/repository/org/jboss/logging/jboss-logging/3.4.3.Final/jboss-logging-3.4.3.Final.jar:/Users/b/.m2/repository/net/bytebuddy/byte-buddy/1.12.23/byte-buddy-1.12.23.jar:/Users/b/.m2/repository/antlr/antlr/2.7.7/antlr-2.7.7.jar:/Users/b/.m2/repository/org/jboss/jandex/2.4.2.Final/jandex-2.4.2.Final.jar:/Users/b/.m2/repository/com/fasterxml/classmate/1.5.1/classmate-1.5.1.jar:/Users/b/.m2/repository/org/hibernate/common/hibernate-commons-annotations/5.1.2.Final/hibernate-commons-annotations-5.1.2.Final.jar:/Users/b/.m2/repository/org/springframework/data/spring-data-jpa/2.7.17/spring-data-jpa-2.7.17.jar:/Users/b/.m2/repository/org/springframework/data/spring-data-commons/2.7.17/spring-data-commons-2.7.17.jar:/Users/b/.m2/repository/org/springframework/spring-orm/5.3.30/spring-orm-5.3.30.jar:/Users/b/.m2/repository/org/springframework/spring-context/5.3.30/spring-context-5.3.30.jar:/Users/b/.m2/repository/org/springframework/spring-tx/5.3.30/spring-tx-5.3.30.jar:/Users/b/.m2/repository/org/springframework/spring-beans/5.3.30/spring-beans-5.3.30.jar:/Users/b/.m2/repository/org/springframework/spring-aspects/5.3.30/spring-aspects-5.3.30.jar:/Users/b/.m2/repository/org/springframework/boot/spring-boot-starter-data-rest/2.7.17/spring-boot-starter-data-rest-2.7.17.jar:/Users/b/.m2/repository/org/springframework/data/spring-data-rest-webmvc/3.7.17/spring-data-rest-webmvc-3.7.17.jar:/Users/b/.m2/repository/org/springframework/data/spring-data-rest-core/3.7.17/spring-data-rest-core-3.7.17.jar:/Users/b/.m2/repository/org/springframework/hateoas/spring-hateoas/1.5.5/spring-hateoas-1.5.5.jar:/Users/b/.m2/repository/org/springframework/plugin/spring-plugin-core/2.0.0.RELEASE/spring-plugin-core-2.0.0.RELEASE.jar:/Users/b/.m2/repository/org/atteo/evo-inflector/1.3/evo-inflector-1.3.jar:/Users/b/.m2/repository/com/fasterxml/jackson/core/jackson-annotations/2.13.5/jackson-annotations-2.13.5.jar:/Users/b/.m2/repository/org/springframework/boot/spring-boot-starter-oauth2-client/2.7.17/spring-boot-starter-oauth2-client-2.7.17.jar:/Users/b/.m2/repository/org/springframework/boot/spring-boot-starter/2.7.17/spring-boot-starter-2.7.17.jar:/Users/b/.m2/repository/org/springframework/boot/spring-boot-starter-logging/2.7.17/spring-boot-starter-logging-2.7.17.jar:/Users/b/.m2/repository/ch/qos/logback/logback-classic/1.2.12/logback-classic-1.2.12.jar:/Users/b/.m2/repository/ch/qos/logback/logback-core/1.2.12/logback-core-1.2.12.jar:/Users/b/.m2/repository/org/apache/logging/log4j/log4j-to-slf4j/2.17.2/log4j-to-slf4j-2.17.2.jar:/Users/b/.m2/repository/org/apache/logging/log4j/log4j-api/2.17.2/log4j-api-2.17.2.jar:/Users/b/.m2/repository/org/slf4j/jul-to-slf4j/1.7.36/jul-to-slf4j-1.7.36.jar:/Users/b/.m2/repository/jakarta/annotation/jakarta.annotation-api/1.3.5/jakarta.annotation-api-1.3.5.jar:/Users/b/.m2/repository/org/yaml/snakeyaml/1.30/snakeyaml-1.30.jar:/Users/b/.m2/repository/org/springframework/security/spring-security-config/5.7.11/spring-security-config-5.7.11.jar:/Users/b/.m2/repository/org/springframework/security/spring-security-core/5.7.11/spring-security-core-5.7.11.jar:/Users/b/.m2/repository/org/springframework/security/spring-security-crypto/5.7.11/spring-security-crypto-5.7.11.jar:/Users/b/.m2/repository/org/springframework/spring-expression/5.3.30/spring-expression-5.3.30.jar:/Users/b/.m2/repository/org/springframework/security/spring-security-oauth2-client/5.7.11/spring-security-oauth2-client-5.7.11.jar:/Users/b/.m2/repository/org/springframework/security/spring-security-oauth2-core/5.7.11/spring-security-oauth2-core-5.7.11.jar:/Users/b/.m2/repository/com/nimbusds/oauth2-oidc-sdk/9.35/oauth2-oidc-sdk-9.35.jar:/Users/b/.m2/repository/com/github/stephenc/jcip/jcip-annotations/1.0-1/jcip-annotations-1.0-1.jar:/Users/b/.m2/repository/com/nimbusds/content-type/2.2/content-type-2.2.jar:/Users/b/.m2/repository/com/nimbusds/lang-tag/1.6/lang-tag-1.6.jar:/Users/b/.m2/repository/org/springframework/security/spring-security-oauth2-jose/5.7.11/spring-security-oauth2-jose-5.7.11.jar:/Users/b/.m2/repository/com/nimbusds/nimbus-jose-jwt/9.22/nimbus-jose-jwt-9.22.jar:/Users/b/.m2/repository/org/springframework/boot/spring-boot-starter-oauth2-resource-server/2.7.17/spring-boot-starter-oauth2-resource-server-2.7.17.jar:/Users/b/.m2/repository/org/springframework/security/spring-security-oauth2-resource-server/5.7.11/spring-security-oauth2-resource-server-5.7.11.jar:/Users/b/.m2/repository/org/springframework/boot/spring-boot-starter-security/2.7.17/spring-boot-starter-security-2.7.17.jar:/Users/b/.m2/repository/org/springframework/spring-aop/5.3.30/spring-aop-5.3.30.jar:/Users/b/.m2/repository/org/springframework/security/spring-security-web/5.7.11/spring-security-web-5.7.11.jar:/Users/b/.m2/repository/org/springframework/boot/spring-boot-starter-web/2.7.17/spring-boot-starter-web-2.7.17.jar:/Users/b/.m2/repository/org/springframework/boot/spring-boot-starter-json/2.7.17/spring-boot-starter-json-2.7.17.jar:/Users/b/.m2/repository/com/fasterxml/jackson/datatype/jackson-datatype-jdk8/2.13.5/jackson-datatype-jdk8-2.13.5.jar:/Users/b/.m2/repository/com/fasterxml/jackson/datatype/jackson-datatype-jsr310/2.13.5/jackson-datatype-jsr310-2.13.5.jar:/Users/b/.m2/repository/com/fasterxml/jackson/module/jackson-module-parameter-names/2.13.5/jackson-module-parameter-names-2.13.5.jar:/Users/b/.m2/repository/org/springframework/boot/spring-boot-starter-tomcat/2.7.17/spring-boot-starter-tomcat-2.7.17.jar:/Users/b/.m2/repository/org/apache/tomcat/embed/tomcat-embed-core/9.0.82/tomcat-embed-core-9.0.82.jar:/Users/b/.m2/repository/org/apache/tomcat/embed/tomcat-embed-el/9.0.82/tomcat-embed-el-9.0.82.jar:/Users/b/.m2/repository/org/apache/tomcat/embed/tomcat-embed-websocket/9.0.82/tomcat-embed-websocket-9.0.82.jar:/Users/b/.m2/repository/org/springframework/spring-web/5.3.30/spring-web-5.3.30.jar:/Users/b/.m2/repository/org/springframework/spring-webmvc/5.3.30/spring-webmvc-5.3.30.jar:/Users/b/.m2/repository/org/springframework/cloud/spring-cloud-starter-netflix-eureka-client/3.1.7/spring-cloud-starter-netflix-eureka-client-3.1.7.jar:/Users/b/.m2/repository/org/springframework/cloud/spring-cloud-starter/3.1.7/spring-cloud-starter-3.1.7.jar:/Users/b/.m2/repository/org/springframework/cloud/spring-cloud-context/3.1.7/spring-cloud-context-3.1.7.jar:/Users/b/.m2/repository/org/springframework/cloud/spring-cloud-commons/3.1.7/spring-cloud-commons-3.1.7.jar:/Users/b/.m2/repository/org/springframework/security/spring-security-rsa/1.0.11.RELEASE/spring-security-rsa-1.0.11.RELEASE.jar:/Users/b/.m2/repository/org/bouncycastle/bcpkix-jdk15on/1.69/bcpkix-jdk15on-1.69.jar:/Users/b/.m2/repository/org/bouncycastle/bcprov-jdk15on/1.69/bcprov-jdk15on-1.69.jar:/Users/b/.m2/repository/org/bouncycastle/bcutil-jdk15on/1.69/bcutil-jdk15on-1.69.jar:/Users/b/.m2/repository/org/springframework/cloud/spring-cloud-netflix-eureka-client/3.1.7/spring-cloud-netflix-eureka-client-3.1.7.jar:/Users/b/.m2/repository/com/netflix/eureka/eureka-client/1.10.17/eureka-client-1.10.17.jar:/Users/b/.m2/repository/com/netflix/netflix-commons/netflix-eventbus/0.3.0/netflix-eventbus-0.3.0.jar:/Users/b/.m2/repository/com/netflix/netflix-commons/netflix-infix/0.3.0/netflix-infix-0.3.0.jar:/Users/b/.m2/repository/commons-jxpath/commons-jxpath/1.3/commons-jxpath-1.3.jar:/Users/b/.m2/repository/joda-time/joda-time/2.3/joda-time-2.3.jar:/Users/b/.m2/repository/org/antlr/antlr-runtime/3.4/antlr-runtime-3.4.jar:/Users/b/.m2/repository/org/antlr/stringtemplate/3.2.1/stringtemplate-3.2.1.jar:/Users/b/.m2/repository/com/google/code/gson/gson/2.9.1/gson-2.9.1.jar:/Users/b/.m2/repository/org/apache/commons/commons-math/2.2/commons-math-2.2.jar:/Users/b/.m2/repository/com/thoughtworks/xstream/xstream/1.4.18/xstream-1.4.18.jar:/Users/b/.m2/repository/io/github/x-stream/mxparser/1.2.2/mxparser-1.2.2.jar:/Users/b/.m2/repository/xmlpull/xmlpull/1.1.3.1/xmlpull-1.1.3.1.jar:/Users/b/.m2/repository/javax/ws/rs/jsr311-api/1.1.1/jsr311-api-1.1.1.jar:/Users/b/.m2/repository/com/netflix/servo/servo-core/0.12.21/servo-core-0.12.21.jar:/Users/b/.m2/repository/com/google/guava/guava/19.0/guava-19.0.jar:/Users/b/.m2/repository/org/apache/httpcomponents/httpclient/4.5.14/httpclient-4.5.14.jar:/Users/b/.m2/repository/org/apache/httpcomponents/httpcore/4.4.16/httpcore-4.4.16.jar:/Users/b/.m2/repository/commons-codec/commons-codec/1.15/commons-codec-1.15.jar:/Users/b/.m2/repository/commons-configuration/commons-configuration/1.10/commons-configuration-1.10.jar:/Users/b/.m2/repository/commons-lang/commons-lang/2.6/commons-lang-2.6.jar:/Users/b/.m2/repository/com/google/inject/guice/4.1.0/guice-4.1.0.jar:/Users/b/.m2/repository/org/codehaus/jettison/jettison/1.4.0/jettison-1.4.0.jar:/Users/b/.m2/repository/com/netflix/eureka/eureka-core/1.10.17/eureka-core-1.10.17.jar:/Users/b/.m2/repository/com/fasterxml/woodstox/woodstox-core/6.2.1/woodstox-core-6.2.1.jar:/Users/b/.m2/repository/org/codehaus/woodstox/stax2-api/4.2.1/stax2-api-4.2.1.jar:/Users/b/.m2/repository/org/springframework/cloud/spring-cloud-starter-loadbalancer/3.1.7/spring-cloud-starter-loadbalancer-3.1.7.jar:/Users/b/.m2/repository/org/springframework/cloud/spring-cloud-loadbalancer/3.1.7/spring-cloud-loadbalancer-3.1.7.jar:/Users/b/.m2/repository/io/projectreactor/reactor-core/3.4.33/reactor-core-3.4.33.jar:/Users/b/.m2/repository/org/reactivestreams/reactive-streams/1.0.4/reactive-streams-1.0.4.jar:/Users/b/.m2/repository/io/projectreactor/addons/reactor-extra/3.4.10/reactor-extra-3.4.10.jar:/Users/b/.m2/repository/org/springframework/boot/spring-boot-starter-cache/2.7.17/spring-boot-starter-cache-2.7.17.jar:/Users/b/.m2/repository/org/springframework/spring-context-support/5.3.30/spring-context-support-5.3.30.jar:/Users/b/.m2/repository/com/stoyanr/evictor/1.0.0/evictor-1.0.0.jar:/Users/b/.m2/repository/com/h2database/h2/2.1.214/h2-2.1.214.jar:/Users/b/.m2/repository/com/mysql/mysql-connector-j/8.0.33/mysql-connector-j-8.0.33.jar:/Users/b/.m2/repository/com/googlecode/json-simple/json-simple/1.1.1/json-simple-1.1.1.jar:/Users/b/.m2/repository/junit/junit/4.13.2/junit-4.13.2.jar:/Users/b/.m2/repository/org/hamcrest/hamcrest-core/2.2/hamcrest-core-2.2.jar:/Users/b/.m2/repository/org/projectlombok/lombok/1.18.30/lombok-1.18.30.jar:/Users/b/.m2/repository/org/springframework/boot/spring-boot-starter-test/2.7.17/spring-boot-starter-test-2.7.17.jar:/Users/b/.m2/repository/org/springframework/boot/spring-boot-test/2.7.17/spring-boot-test-2.7.17.jar:/Users/b/.m2/repository/org/springframework/boot/spring-boot-test-autoconfigure/2.7.17/spring-boot-test-autoconfigure-2.7.17.jar:/Users/b/.m2/repository/com/jayway/jsonpath/json-path/2.7.0/json-path-2.7.0.jar:/Users/b/.m2/repository/net/minidev/json-smart/2.4.11/json-smart-2.4.11.jar:/Users/b/.m2/repository/net/minidev/accessors-smart/2.4.11/accessors-smart-2.4.11.jar:/Users/b/.m2/repository/org/ow2/asm/asm/9.3/asm-9.3.jar:/Users/b/.m2/repository/jakarta/xml/bind/jakarta.xml.bind-api/2.3.3/jakarta.xml.bind-api-2.3.3.jar:/Users/b/.m2/repository/jakarta/activation/jakarta.activation-api/1.2.2/jakarta.activation-api-1.2.2.jar:/Users/b/.m2/repository/org/assertj/assertj-core/3.22.0/assertj-core-3.22.0.jar:/Users/b/.m2/repository/org/hamcrest/hamcrest/2.2/hamcrest-2.2.jar:/Users/b/.m2/repository/org/junit/jupiter/junit-jupiter/5.8.2/junit-jupiter-5.8.2.jar:/Users/b/.m2/repository/org/junit/jupiter/junit-jupiter-api/5.8.2/junit-jupiter-api-5.8.2.jar:/Users/b/.m2/repository/org/opentest4j/opentest4j/1.2.0/opentest4j-1.2.0.jar:/Users/b/.m2/repository/org/junit/platform/junit-platform-commons/1.8.2/junit-platform-commons-1.8.2.jar:/Users/b/.m2/repository/org/apiguardian/apiguardian-api/1.1.2/apiguardian-api-1.1.2.jar:/Users/b/.m2/repository/org/junit/jupiter/junit-jupiter-params/5.8.2/junit-jupiter-params-5.8.2.jar:/Users/b/.m2/repository/org/junit/jupiter/junit-jupiter-engine/5.8.2/junit-jupiter-engine-5.8.2.jar:/Users/b/.m2/repository/org/junit/platform/junit-platform-engine/1.8.2/junit-platform-engine-1.8.2.jar:/Users/b/.m2/repository/org/mockito/mockito-core/4.5.1/mockito-core-4.5.1.jar:/Users/b/.m2/repository/net/bytebuddy/byte-buddy-agent/1.12.23/byte-buddy-agent-1.12.23.jar:/Users/b/.m2/repository/org/objenesis/objenesis/3.2/objenesis-3.2.jar:/Users/b/.m2/repository/org/mockito/mockito-junit-jupiter/4.5.1/mockito-junit-jupiter-4.5.1.jar:/Users/b/.m2/repository/org/skyscreamer/jsonassert/1.5.1/jsonassert-1.5.1.jar:/Users/b/.m2/repository/com/vaadin/external/google/android-json/0.0.20131108.vaadin1/android-json-0.0.20131108.vaadin1.jar:/Users/b/.m2/repository/org/springframework/spring-core/5.3.30/spring-core-5.3.30.jar:/Users/b/.m2/repository/org/springframework/spring-jcl/5.3.30/spring-jcl-5.3.30.jar:/Users/b/.m2/repository/org/springframework/spring-test/5.3.30/spring-test-5.3.30.jar:/Users/b/.m2/repository/org/xmlunit/xmlunit-core/2.9.1/xmlunit-core-2.9.1.jar:/Users/b/.m2/repository/org/springframework/restdocs/spring-restdocs-mockmvc/2.0.7.RELEASE/spring-restdocs-mockmvc-2.0.7.RELEASE.jar:/Users/b/.m2/repository/org/springframework/restdocs/spring-restdocs-core/2.0.7.RELEASE/spring-restdocs-core-2.0.7.RELEASE.jar:/Users/b/.m2/repository/javax/servlet/javax.servlet-api/4.0.1/javax.servlet-api-4.0.1.jar:/Users/b/.m2/repository/org/springframework/security/spring-security-test/5.7.11/spring-security-test-5.7.11.jar:/Users/b/.m2/repository/com/querydsl/querydsl-jpa/5.0.0/querydsl-jpa-5.0.0.jar:/Users/b/.m2/repository/com/querydsl/querydsl-core/5.0.0/querydsl-core-5.0.0.jar:/Users/b/.m2/repository/com/mysema/commons/mysema-commons-lang/0.2.4/mysema-commons-lang-0.2.4.jar:/Users/b/.m2/repository/com/querydsl/querydsl-apt/5.0.0/querydsl-apt-5.0.0.jar:/Users/b/.m2/repository/com/querydsl/querydsl-codegen/5.0.0/querydsl-codegen-5.0.0.jar:/Users/b/.m2/repository/com/querydsl/codegen-utils/5.0.0/codegen-utils-5.0.0.jar:/Users/b/.m2/repository/org/eclipse/jdt/ecj/3.26.0/ecj-3.26.0.jar:/Users/b/.m2/repository/javax/inject/javax.inject/1/javax.inject-1.jar:/Users/b/.m2/repository/org/springframework/cloud/spring-cloud-starter-netflix-eureka-server/3.1.7/spring-cloud-starter-netflix-eureka-server-3.1.7.jar:/Users/b/.m2/repository/org/springframework/cloud/spring-cloud-netflix-eureka-server/3.1.7/spring-cloud-netflix-eureka-server-3.1.7.jar:/Users/b/.m2/repository/org/springframework/boot/spring-boot-starter-actuator/2.7.17/spring-boot-starter-actuator-2.7.17.jar:/Users/b/.m2/repository/org/springframework/boot/spring-boot-actuator-autoconfigure/2.7.17/spring-boot-actuator-autoconfigure-2.7.17.jar:/Users/b/.m2/repository/org/springframework/boot/spring-boot-actuator/2.7.17/spring-boot-actuator-2.7.17.jar:/Users/b/.m2/repository/io/micrometer/micrometer-core/1.9.16/micrometer-core-1.9.16.jar:/Users/b/.m2/repository/org/hdrhistogram/HdrHistogram/2.1.12/HdrHistogram-2.1.12.jar:/Users/b/.m2/repository/org/latencyutils/LatencyUtils/2.0.3/LatencyUtils-2.0.3.jar:/Users/b/.m2/repository/org/springframework/boot/spring-boot-starter-freemarker/2.7.17/spring-boot-starter-freemarker-2.7.17.jar:/Users/b/.m2/repository/org/freemarker/freemarker/2.3.32/freemarker-2.3.32.jar:/Users/b/.m2/repository/com/sun/jersey/jersey-servlet/1.19.4/jersey-servlet-1.19.4.jar:/Users/b/.m2/repository/com/sun/jersey/jersey-server/1.19.4/jersey-server-1.19.4.jar:/Users/b/.m2/repository/com/sun/jersey/jersey-core/1.19.4/jersey-core-1.19.4.jar:/Users/b/.m2/repository/com/sun/jersey/jersey-client/1.19.4/jersey-client-1.19.4.jar:/Users/b/.m2/repository/com/fasterxml/jackson/dataformat/jackson-dataformat-xml/2.13.5/jackson-dataformat-xml-2.13.5.jar:/Users/b/.m2/repository/org/glassfish/jaxb/jaxb-runtime/2.3.8/jaxb-runtime-2.3.8.jar:/Users/b/.m2/repository/org/glassfish/jaxb/txw2/2.3.8/txw2-2.3.8.jar:/Users/b/.m2/repository/com/sun/istack/istack-commons-runtime/3.0.12/istack-commons-runtime-3.0.12.jar:/Users/b/.m2/repository/com/sun/activation/jakarta.activation/1.2.2/jakarta.activation-1.2.2.jar:/Users/b/.m2/repository/io/jsonwebtoken/jjwt-api/0.11.5/jjwt-api-0.11.5.jar:/Users/b/.m2/repository/org/springframework/boot/spring-boot-devtools/2.7.17/spring-boot-devtools-2.7.17.jar:/Users/b/.m2/repository/org/springframework/boot/spring-boot/2.7.17/spring-boot-2.7.17.jar:/Users/b/.m2/repository/org/springframework/boot/spring-boot-autoconfigure/2.7.17/spring-boot-autoconfigure-2.7.17.jar:/Users/b/.m2/repository/io/jsonwebtoken/jjwt-impl/0.11.5/jjwt-impl-0.11.5.jar:/Users/b/.m2/repository/io/jsonwebtoken/jjwt-jackson/0.11.5/jjwt-jackson-0.11.5.jar:/Users/b/.m2/repository/com/fasterxml/jackson/core/jackson-databind/2.13.5/jackson-databind-2.13.5.jar:/Users/b/.m2/repository/org/springframework/boot/spring-boot-starter-websocket/2.7.17/spring-boot-starter-websocket-2.7.17.jar:/Users/b/.m2/repository/org/springframework/spring-messaging/5.3.30/spring-messaging-5.3.30.jar:/Users/b/.m2/repository/org/springframework/spring-websocket/5.3.30/spring-websocket-5.3.30.jar:/Users/b/.m2/repository/org/webjars/sockjs-client/1.5.1/sockjs-client-1.5.1.jar:/Users/b/.m2/repository/org/webjars/stomp-websocket/2.3.4/stomp-websocket-2.3.4.jar:/Users/b/.m2/repository/org/webjars/webjars-locator-core/0.50/webjars-locator-core-0.50.jar:/Users/b/.m2/repository/org/slf4j/slf4j-api/1.7.36/slf4j-api-1.7.36.jar:/Users/b/.m2/repository/io/github/classgraph/classgraph/4.8.139/classgraph-4.8.139.jar:/Users/b/.m2/repository/com/fasterxml/jackson/core/jackson-core/2.13.5/jackson-core-2.13.5.jar:"/>
    <property name="sun.cpu.endian" value="little"/>
    <property name="user.home" value="/Users/b"/>
    <property name="user.language" value="ko"/>
    <property name="java.specification.vendor" value="Oracle Corporation"/>
    <property name="java.version.date" value="2023-10-17"/>
    <property name="java.home" value="/Users/b/Library/Java/JavaVirtualMachines/graalvm-jdk-17.0.9/Contents/Home"/>
    <property name="file.separator" value="/"/>
    <property name="basedir" value="/Users/b/Downloads/BACKEND"/>
    <property name="java.vm.compressedOopsMode" value="Zero based"/>
    <property name="jdk.internal.vm.ci.enabled" value="true"/>
    <property name="line.separator" value="&#10;"/>
    <property name="java.vm.specification.vendor" value="Oracle Corporation"/>
    <property name="java.specification.name" value="Java Platform API Specification"/>
    <property name="apple.awt.application.name" value="ForkedBooter"/>
    <property name="surefire.real.class.path" value="/Users/b/Downloads/BACKEND/target/surefire/surefirebooter6424503749074798858.jar"/>
    <property name="sun.management.compiler" value="HotSpot 64-Bit Tiered Compilers"/>
    <property name="ftp.nonProxyHosts" value="local|*.local|169.254/16|*.169.254/16"/>
    <property name="java.runtime.version" value="17.0.9+9-jvmci-23.0-b22"/>
    <property name="user.name" value="b"/>
    <property name="path.separator" value=":"/>
    <property name="os.version" value="14.1"/>
    <property name="java.runtime.name" value="OpenJDK Runtime Environment"/>
    <property name="file.encoding" value="UTF-8"/>
    <property name="java.vm.name" value="OpenJDK 64-Bit Server VM"/>
    <property name="java.vendor.version" value="GraalVM CE 17.0.9+9.1"/>
    <property name="localRepository" value="/Users/b/.m2/repository"/>
    <property name="java.vendor.url.bug" value="https://github.com/oracle/graal/issues"/>
    <property name="java.io.tmpdir" value="/var/folders/0p/qdj1sn9s1_j0t5v9hr7_lt2h0000gn/T/"/>
    <property name="idea.version" value="2023.2.1"/>
    <property name="java.version" value="17.0.9"/>
    <property name="user.dir" value="/Users/b/Downloads/BACKEND"/>
    <property name="os.arch" value="x86_64"/>
    <property name="java.vm.specification.name" value="Java Virtual Machine Specification"/>
    <property name="native.encoding" value="UTF-8"/>
    <property name="java.library.path" value="/Users/b/Library/Java/Extensions:/Library/Java/Extensions:/Network/Library/Java/Extensions:/System/Library/Java/Extensions:/usr/lib/java:."/>
    <property name="java.vm.info" value="mixed mode, sharing"/>
    <property name="java.vendor" value="GraalVM Community"/>
    <property name="java.vm.version" value="17.0.9+9-jvmci-23.0-b22"/>
    <property name="sun.io.unicode.encoding" value="UnicodeBig"/>
    <property name="socksNonProxyHosts" value="local|*.local|169.254/16|*.169.254/16"/>
    <property name="java.class.version" value="61.0"/>
  </properties>
  <testcase name="contextLoads" classname="com.example.demo.FinalApplicationTests" time="0.374"/>
</testsuite>